<?xml version="1.0" encoding="UTF-8"?>
<robot generator="Robot 5.0.1 (Python 3.8.10 on linux)" generated="20220922 08:39:11.455" rpa="false" schemaversion="3">
<suite id="s1" name="Task 3" source="/home/nurul/Desktop/QA/robotFramework-assignment/Task_3_Folder/Task_3.robot">
<test id="s1-t1" name="Login Deriv" line="17">
<kw name="Open Browser" library="SeleniumLibrary">
<arg>${appURL}</arg>
<arg>chrome</arg>
<doc>Opens a new browser instance to the optional ``url``.</doc>
<msg timestamp="20220922 08:39:11.554" level="INFO">Opening browser 'chrome' to base url 'https://app.deriv.com/'.</msg>
<status status="PASS" starttime="20220922 08:39:11.554" endtime="20220922 08:39:14.386"/>
</kw>
<kw name="Wait Until Page Contains Element" library="SeleniumLibrary">
<arg>//div[@class='btn-purchase__text_wrapper' and contains(.,'Rise')]</arg>
<arg>30</arg>
<doc>Waits until the element ``locator`` appears on the current page.</doc>
<status status="PASS" starttime="20220922 08:39:14.387" endtime="20220922 08:39:17.032"/>
</kw>
<kw name="Click Element" library="SeleniumLibrary">
<arg>dt_login_button</arg>
<doc>Click the element identified by ``locator``.</doc>
<msg timestamp="20220922 08:39:17.033" level="INFO">Clicking element 'dt_login_button'.</msg>
<status status="PASS" starttime="20220922 08:39:17.032" endtime="20220922 08:39:19.371"/>
</kw>
<kw name="Wait Until Page Contains Element" library="SeleniumLibrary">
<arg>//input[@type='email']</arg>
<arg>10</arg>
<doc>Waits until the element ``locator`` appears on the current page.</doc>
<status status="PASS" starttime="20220922 08:39:19.372" endtime="20220922 08:39:19.381"/>
</kw>
<kw name="Input Text" library="SeleniumLibrary">
<arg>//input[@type='email']</arg>
<arg>izzati+2@besquare.com.my</arg>
<doc>Types the given ``text`` into the text field identified by ``locator``.</doc>
<msg timestamp="20220922 08:39:19.381" level="INFO">Typing text 'izzati+2@besquare.com.my' into text field '//input[@type='email']'.</msg>
<status status="PASS" starttime="20220922 08:39:19.381" endtime="20220922 08:39:19.468"/>
</kw>
<kw name="Input Text" library="SeleniumLibrary">
<arg>//input[@type='password']</arg>
<arg>Sakura200*</arg>
<doc>Types the given ``text`` into the text field identified by ``locator``.</doc>
<msg timestamp="20220922 08:39:19.469" level="INFO">Typing text 'Sakura200*' into text field '//input[@type='password']'.</msg>
<status status="PASS" starttime="20220922 08:39:19.468" endtime="20220922 08:39:19.537"/>
</kw>
<kw name="Click Element" library="SeleniumLibrary">
<arg>//button[@type='submit']</arg>
<doc>Click the element identified by ``locator``.</doc>
<msg timestamp="20220922 08:39:19.537" level="INFO">Clicking element '//button[@type='submit']'.</msg>
<status status="PASS" starttime="20220922 08:39:19.537" endtime="20220922 08:39:22.507"/>
</kw>
<status status="PASS" starttime="20220922 08:39:11.553" endtime="20220922 08:39:22.508"/>
</test>
<test id="s1-t2" name="Switch to Demo" line="26">
<kw name="Wait Until Page Contains Element" library="SeleniumLibrary">
<arg>//p[@class="acc-info__balance"]</arg>
<arg>120</arg>
<doc>Waits until the element ``locator`` appears on the current page.</doc>
<status status="PASS" starttime="20220922 08:39:22.509" endtime="20220922 08:39:22.519"/>
</kw>
<kw name="Wait Until Element Is Visible" library="SeleniumLibrary">
<arg>//p[@class="acc-info__balance"]</arg>
<arg>60</arg>
<doc>Waits until the element ``locator`` is visible.</doc>
<status status="PASS" starttime="20220922 08:39:22.520" endtime="20220922 08:39:24.949"/>
</kw>
<kw name="Click Element" library="SeleniumLibrary">
<arg>dt_core_account-info_acc-info</arg>
<doc>Click the element identified by ``locator``.</doc>
<msg timestamp="20220922 08:39:24.949" level="INFO">Clicking element 'dt_core_account-info_acc-info'.</msg>
<status status="PASS" starttime="20220922 08:39:24.949" endtime="20220922 08:39:25.012"/>
</kw>
<kw name="Wait Until Page Contains Element" library="SeleniumLibrary">
<arg>dt_core_account-switcher_demo-tab</arg>
<arg>30</arg>
<doc>Waits until the element ``locator`` appears on the current page.</doc>
<status status="PASS" starttime="20220922 08:39:25.012" endtime="20220922 08:39:25.026"/>
</kw>
<kw name="Click Element" library="SeleniumLibrary">
<arg>dt_core_account-switcher_demo-tab</arg>
<doc>Click the element identified by ``locator``.</doc>
<msg timestamp="20220922 08:39:25.027" level="INFO">Clicking element 'dt_core_account-switcher_demo-tab'.</msg>
<status status="PASS" starttime="20220922 08:39:25.027" endtime="20220922 08:39:25.352"/>
</kw>
<kw name="Wait Until Page Contains Element" library="SeleniumLibrary">
<arg>dt_VRTC6751207</arg>
<arg>20</arg>
<doc>Waits until the element ``locator`` appears on the current page.</doc>
<status status="PASS" starttime="20220922 08:39:25.352" endtime="20220922 08:39:25.402"/>
</kw>
<kw name="Click Element" library="SeleniumLibrary">
<arg>dt_VRTC6751207</arg>
<doc>Click the element identified by ``locator``.</doc>
<msg timestamp="20220922 08:39:25.402" level="INFO">Clicking element 'dt_VRTC6751207'.</msg>
<status status="PASS" starttime="20220922 08:39:25.402" endtime="20220922 08:39:25.625"/>
</kw>
<kw name="Maximize Browser Window" library="SeleniumLibrary">
<doc>Maximizes current browser window.</doc>
<status status="PASS" starttime="20220922 08:39:25.626" endtime="20220922 08:39:25.792"/>
</kw>
<kw name="Reload Page" library="SeleniumLibrary">
<doc>Simulates user reloading page.</doc>
<status status="PASS" starttime="20220922 08:39:25.793" endtime="20220922 08:39:26.696"/>
</kw>
<status status="PASS" starttime="20220922 08:39:22.509" endtime="20220922 08:39:26.696"/>
</test>
<test id="s1-t3" name="Navigate to Forex AUD/USD" line="37">
<kw name="Wait cq-symbol">
<kw name="Wait Until Page Contains Element" library="SeleniumLibrary">
<arg>//div[@class='btn-purchase__text_wrapper' and contains(.,'Rise')]</arg>
<arg>120</arg>
<doc>Waits until the element ``locator`` appears on the current page.</doc>
<status status="PASS" starttime="20220922 08:39:26.697" endtime="20220922 08:39:31.913"/>
</kw>
<kw name="Wait Until Element Is Visible" library="SeleniumLibrary">
<arg>//div[@class='cq-symbol']</arg>
<arg>120</arg>
<doc>Waits until the element ``locator`` is visible.</doc>
<status status="PASS" starttime="20220922 08:39:31.913" endtime="20220922 08:39:32.154"/>
</kw>
<status status="PASS" starttime="20220922 08:39:26.697" endtime="20220922 08:39:32.154"/>
</kw>
<kw name="Element Should Contain" library="SeleniumLibrary">
<arg>//div[@class='cq-symbol']</arg>
<arg>Volatility 100 (1s) Index</arg>
<doc>Verifies that element ``locator`` contains text ``expected``.</doc>
<msg timestamp="20220922 08:39:32.177" level="INFO">Element '//div[@class='cq-symbol']' contains text 'Volatility 100 (1s) Index'.</msg>
<status status="PASS" starttime="20220922 08:39:32.154" endtime="20220922 08:39:32.178"/>
</kw>
<kw name="Click Element" library="SeleniumLibrary">
<arg>//div[@class='cq-menu-btn']</arg>
<doc>Click the element identified by ``locator``.</doc>
<msg timestamp="20220922 08:39:32.178" level="INFO">Clicking element '//div[@class='cq-menu-btn']'.</msg>
<status status="PASS" starttime="20220922 08:39:32.178" endtime="20220922 08:39:32.253"/>
</kw>
<kw name="Wait Until Element Is Visible" library="SeleniumLibrary">
<arg>//span[@class='ic-icon ic-forex']</arg>
<arg>40</arg>
<doc>Waits until the element ``locator`` is visible.</doc>
<status status="PASS" starttime="20220922 08:39:32.254" endtime="20220922 08:39:32.711"/>
</kw>
<kw name="Click Element" library="SeleniumLibrary">
<arg>//span[@class='ic-icon ic-forex']</arg>
<doc>Click the element identified by ``locator``.</doc>
<msg timestamp="20220922 08:39:32.711" level="INFO">Clicking element '//span[@class='ic-icon ic-forex']'.</msg>
<status status="PASS" starttime="20220922 08:39:32.711" endtime="20220922 08:39:32.767"/>
</kw>
<kw name="Wait Until Element Is Visible" library="SeleniumLibrary">
<arg>//span[@class='ic-frx ic-frxAUDUSD']</arg>
<arg>60</arg>
<doc>Waits until the element ``locator`` is visible.</doc>
<status status="PASS" starttime="20220922 08:39:32.767" endtime="20220922 08:39:32.787"/>
</kw>
<kw name="Click Element" library="SeleniumLibrary">
<arg>//span[@class='ic-frx ic-frxAUDUSD']</arg>
<doc>Click the element identified by ``locator``.</doc>
<msg timestamp="20220922 08:39:32.787" level="INFO">Clicking element '//span[@class='ic-frx ic-frxAUDUSD']'.</msg>
<status status="PASS" starttime="20220922 08:39:32.787" endtime="20220922 08:39:32.935"/>
</kw>
<kw name="Wait cq-symbol">
<kw name="Wait Until Page Contains Element" library="SeleniumLibrary">
<arg>//div[@class='btn-purchase__text_wrapper' and contains(.,'Rise')]</arg>
<arg>120</arg>
<doc>Waits until the element ``locator`` appears on the current page.</doc>
<status status="PASS" starttime="20220922 08:39:32.935" endtime="20220922 08:39:33.505"/>
</kw>
<kw name="Wait Until Element Is Visible" library="SeleniumLibrary">
<arg>//div[@class='cq-symbol']</arg>
<arg>120</arg>
<doc>Waits until the element ``locator`` is visible.</doc>
<status status="PASS" starttime="20220922 08:39:33.505" endtime="20220922 08:39:34.176"/>
</kw>
<status status="PASS" starttime="20220922 08:39:32.935" endtime="20220922 08:39:34.177"/>
</kw>
<kw name="Element Should Contain" library="SeleniumLibrary">
<arg>//div[@class='cq-symbol']</arg>
<arg>AUD/USD</arg>
<doc>Verifies that element ``locator`` contains text ``expected``.</doc>
<msg timestamp="20220922 08:39:34.227" level="INFO">Element '//div[@class='cq-symbol']' contains text 'AUD/USD'.</msg>
<status status="PASS" starttime="20220922 08:39:34.177" endtime="20220922 08:39:34.227"/>
</kw>
<status status="PASS" starttime="20220922 08:39:26.697" endtime="20220922 08:39:34.227"/>
</test>
<test id="s1-t4" name="Setting up Lower Contract Data" line="48">
<kw name="Wait Until Element Is Visible" library="SeleniumLibrary">
<arg>dt_contract_dropdown</arg>
<arg>60</arg>
<doc>Waits until the element ``locator`` is visible.</doc>
<status status="PASS" starttime="20220922 08:39:34.228" endtime="20220922 08:39:34.394"/>
</kw>
<kw name="Click Element" library="SeleniumLibrary">
<arg>dt_contract_dropdown</arg>
<doc>Click the element identified by ``locator``.</doc>
<msg timestamp="20220922 08:39:34.395" level="INFO">Clicking element 'dt_contract_dropdown'.</msg>
<status status="PASS" starttime="20220922 08:39:34.394" endtime="20220922 08:39:34.450"/>
</kw>
<kw name="Wait Until Element Is Visible" library="SeleniumLibrary">
<arg>dt_contract_high_low_item</arg>
<arg>30</arg>
<doc>Waits until the element ``locator`` is visible.</doc>
<status status="PASS" starttime="20220922 08:39:34.451" endtime="20220922 08:39:34.687"/>
</kw>
<kw name="Click Element" library="SeleniumLibrary">
<arg>dt_contract_high_low_item</arg>
<doc>Click the element identified by ``locator``.</doc>
<msg timestamp="20220922 08:39:34.688" level="INFO">Clicking element 'dt_contract_high_low_item'.</msg>
<status status="PASS" starttime="20220922 08:39:34.687" endtime="20220922 08:39:35.047"/>
</kw>
<kw name="Wait Until Element Is Visible" library="SeleniumLibrary">
<arg>dt_advanced_duration_datepicker</arg>
<arg>20</arg>
<doc>Waits until the element ``locator`` is visible.</doc>
<status status="PASS" starttime="20220922 08:39:35.047" endtime="20220922 08:39:35.357"/>
</kw>
<kw name="Element Should Be Visible" library="SeleniumLibrary">
<arg>//input[@name='duration']</arg>
<doc>Verifies that the element identified by ``locator`` is visible.</doc>
<msg timestamp="20220922 08:39:35.450" level="INFO">Element '//input[@name='duration']' is displayed.</msg>
<status status="PASS" starttime="20220922 08:39:35.358" endtime="20220922 08:39:35.450"/>
</kw>
<kw name="Click Element" library="SeleniumLibrary">
<arg>//input[@name='duration']</arg>
<doc>Click the element identified by ``locator``.</doc>
<msg timestamp="20220922 08:39:35.451" level="INFO">Clicking element '//input[@name='duration']'.</msg>
<status status="PASS" starttime="20220922 08:39:35.450" endtime="20220922 08:39:35.635"/>
</kw>
<kw name="Clear Input Fields">
<kw name="Press Keys" library="SeleniumLibrary">
<arg>None</arg>
<arg>\ue003\ue003</arg>
<doc>Simulates the user pressing key(s) to an element or on the active browser.</doc>
<msg timestamp="20220922 08:39:35.637" level="INFO">Sending key(s) ('\ue003\ue003',) to page.</msg>
<msg timestamp="20220922 08:39:35.637" level="INFO">Sending keys </msg>
<status status="PASS" starttime="20220922 08:39:35.636" endtime="20220922 08:39:35.702"/>
</kw>
<status status="PASS" starttime="20220922 08:39:35.636" endtime="20220922 08:39:35.702"/>
</kw>
<kw name="Input Text" library="SeleniumLibrary">
<arg>//input[@name='duration']</arg>
<arg>4</arg>
<doc>Types the given ``text`` into the text field identified by ``locator``.</doc>
<msg timestamp="20220922 08:39:35.702" level="INFO">Typing text '4' into text field '//input[@name='duration']'.</msg>
<status status="PASS" starttime="20220922 08:39:35.702" endtime="20220922 08:39:35.782"/>
</kw>
<kw name="Element Should Be Visible" library="SeleniumLibrary">
<arg>dc_payout_toggle_item</arg>
<arg>30</arg>
<doc>Verifies that the element identified by ``locator`` is visible.</doc>
<msg timestamp="20220922 08:39:36.048" level="INFO">Element 'dc_payout_toggle_item' is displayed.</msg>
<status status="PASS" starttime="20220922 08:39:35.782" endtime="20220922 08:39:36.048"/>
</kw>
<kw name="Click Element" library="SeleniumLibrary">
<arg>dc_payout_toggle_item</arg>
<doc>Click the element identified by ``locator``.</doc>
<msg timestamp="20220922 08:39:36.049" level="INFO">Clicking element 'dc_payout_toggle_item'.</msg>
<status status="PASS" starttime="20220922 08:39:36.048" endtime="20220922 08:39:36.256"/>
</kw>
<kw name="Wait Until Element Is Visible" library="SeleniumLibrary">
<arg>dt_amount_input</arg>
<arg>120</arg>
<doc>Waits until the element ``locator`` is visible.</doc>
<status status="PASS" starttime="20220922 08:39:36.256" endtime="20220922 08:39:36.280"/>
</kw>
<kw name="Click Element" library="SeleniumLibrary">
<arg>dt_amount_input</arg>
<doc>Click the element identified by ``locator``.</doc>
<msg timestamp="20220922 08:39:36.280" level="INFO">Clicking element 'dt_amount_input'.</msg>
<status status="PASS" starttime="20220922 08:39:36.280" endtime="20220922 08:39:36.383"/>
</kw>
<kw name="Clear Input Fields">
<kw name="Press Keys" library="SeleniumLibrary">
<arg>None</arg>
<arg>\ue003\ue003</arg>
<doc>Simulates the user pressing key(s) to an element or on the active browser.</doc>
<msg timestamp="20220922 08:39:36.384" level="INFO">Sending key(s) ('\ue003\ue003',) to page.</msg>
<msg timestamp="20220922 08:39:36.384" level="INFO">Sending keys </msg>
<status status="PASS" starttime="20220922 08:39:36.384" endtime="20220922 08:39:36.426"/>
</kw>
<status status="PASS" starttime="20220922 08:39:36.383" endtime="20220922 08:39:36.426"/>
</kw>
<kw name="Input Text" library="SeleniumLibrary">
<arg>dt_amount_input</arg>
<arg>15.50</arg>
<doc>Types the given ``text`` into the text field identified by ``locator``.</doc>
<msg timestamp="20220922 08:39:36.426" level="INFO">Typing text '15.50' into text field 'dt_amount_input'.</msg>
<status status="PASS" starttime="20220922 08:39:36.426" endtime="20220922 08:39:36.569"/>
</kw>
<status status="PASS" starttime="20220922 08:39:34.228" endtime="20220922 08:39:36.569"/>
</test>
<test id="s1-t5" name="Buying Contract" line="65">
<kw name="Wait Until Page Contains Element" library="SeleniumLibrary">
<arg>//button[@class='btn-purchase btn-purchase--2']</arg>
<arg>120</arg>
<doc>Waits until the element ``locator`` appears on the current page.</doc>
<status status="PASS" starttime="20220922 08:39:36.569" endtime="20220922 08:39:38.977"/>
</kw>
<kw name="Wait Until Element Is Visible" library="SeleniumLibrary">
<arg>//button[@class='btn-purchase btn-purchase--2']</arg>
<arg>120</arg>
<doc>Waits until the element ``locator`` is visible.</doc>
<status status="PASS" starttime="20220922 08:39:38.977" endtime="20220922 08:39:38.998"/>
</kw>
<kw name="Click Button" library="SeleniumLibrary">
<arg>//button[@class='btn-purchase btn-purchase--2']</arg>
<doc>Clicks the button identified by ``locator``.</doc>
<msg timestamp="20220922 08:39:38.999" level="INFO">Clicking button '//button[@class='btn-purchase btn-purchase--2']'.</msg>
<status status="PASS" starttime="20220922 08:39:38.998" endtime="20220922 08:39:39.072"/>
</kw>
<kw name="Wait Until Element Is Visible" library="SeleniumLibrary">
<arg>dt_positions_drawer</arg>
<arg>60</arg>
<doc>Waits until the element ``locator`` is visible.</doc>
<status status="PASS" starttime="20220922 08:39:39.072" endtime="20220922 08:39:42.710"/>
</kw>
<kw name="Sleep" library="BuiltIn">
<arg>2</arg>
<doc>Pauses the test executed for the given time.</doc>
<msg timestamp="20220922 08:39:44.711" level="INFO">Slept 2 seconds</msg>
<status status="PASS" starttime="20220922 08:39:42.711" endtime="20220922 08:39:44.711"/>
</kw>
<kw name="Element Should Be Visible" library="SeleniumLibrary">
<arg>//div[@class='dc-contract-card__wrapper']</arg>
<arg>150</arg>
<doc>Verifies that the element identified by ``locator`` is visible.</doc>
<msg timestamp="20220922 08:39:44.829" level="INFO">Element '//div[@class='dc-contract-card__wrapper']' is displayed.</msg>
<status status="PASS" starttime="20220922 08:39:44.711" endtime="20220922 08:39:44.829"/>
</kw>
<status status="PASS" starttime="20220922 08:39:36.569" endtime="20220922 08:39:44.830"/>
</test>
<test id="s1-t6" name="Close the Browser" line="73">
<kw name="Close Browser" library="SeleniumLibrary">
<doc>Closes the current browser.</doc>
<status status="PASS" starttime="20220922 08:39:44.831" endtime="20220922 08:39:44.898"/>
</kw>
<status status="PASS" starttime="20220922 08:39:44.830" endtime="20220922 08:39:44.899"/>
</test>
<status status="PASS" starttime="20220922 08:39:11.458" endtime="20220922 08:39:44.907"/>
</suite>
<statistics>
<total>
<stat pass="6" fail="0" skip="0">All Tests</stat>
</total>
<tag>
</tag>
<suite>
<stat pass="6" fail="0" skip="0" id="s1" name="Task 3">Task 3</stat>
</suite>
</statistics>
<errors>
</errors>
</robot>
