<?xml version="1.0" encoding="UTF-8"?>
<robot generator="Robot 5.0.1 (Python 3.8.10 on linux)" generated="20220923 01:38:32.945" rpa="false" schemaversion="3">
<suite id="s1" name="Task 5" source="/home/nurul/Desktop/QA/robotFramework-assignment/Task_5_Folder/Task_5.robot">
<test id="s1-t1" name="Login Deriv" line="18">
<kw name="Open Browser" library="SeleniumLibrary">
<arg>${appURL}</arg>
<arg>chrome</arg>
<doc>Opens a new browser instance to the optional ``url``.</doc>
<msg timestamp="20220923 01:38:33.024" level="INFO">Opening browser 'chrome' to base url 'https://app.deriv.com/'.</msg>
<status status="PASS" starttime="20220923 01:38:33.024" endtime="20220923 01:38:35.986"/>
</kw>
<kw name="Wait Until Page Contains Element" library="SeleniumLibrary">
<arg>//div[@class='btn-purchase__text_wrapper' and contains(.,'Rise')]</arg>
<arg>30</arg>
<doc>Waits until the element ``locator`` appears on the current page.</doc>
<status status="PASS" starttime="20220923 01:38:35.986" endtime="20220923 01:38:39.094"/>
</kw>
<kw name="Click Element" library="SeleniumLibrary">
<arg>dt_login_button</arg>
<doc>Click the element identified by ``locator``.</doc>
<msg timestamp="20220923 01:38:39.095" level="INFO">Clicking element 'dt_login_button'.</msg>
<status status="PASS" starttime="20220923 01:38:39.094" endtime="20220923 01:38:41.210"/>
</kw>
<kw name="Wait Until Page Contains Element" library="SeleniumLibrary">
<arg>//input[@type='email']</arg>
<arg>10</arg>
<doc>Waits until the element ``locator`` appears on the current page.</doc>
<status status="PASS" starttime="20220923 01:38:41.210" endtime="20220923 01:38:41.225"/>
</kw>
<kw name="Input Text" library="SeleniumLibrary">
<arg>//input[@type='email']</arg>
<arg>izzati+2@besquare.com.my</arg>
<doc>Types the given ``text`` into the text field identified by ``locator``.</doc>
<msg timestamp="20220923 01:38:41.225" level="INFO">Typing text 'izzati+2@besquare.com.my' into text field '//input[@type='email']'.</msg>
<status status="PASS" starttime="20220923 01:38:41.225" endtime="20220923 01:38:41.280"/>
</kw>
<kw name="Input Text" library="SeleniumLibrary">
<arg>//input[@type='password']</arg>
<arg>Sakura200*</arg>
<doc>Types the given ``text`` into the text field identified by ``locator``.</doc>
<msg timestamp="20220923 01:38:41.280" level="INFO">Typing text 'Sakura200*' into text field '//input[@type='password']'.</msg>
<status status="PASS" starttime="20220923 01:38:41.280" endtime="20220923 01:38:41.335"/>
</kw>
<kw name="Click Element" library="SeleniumLibrary">
<arg>//button[@type='submit']</arg>
<doc>Click the element identified by ``locator``.</doc>
<msg timestamp="20220923 01:38:41.335" level="INFO">Clicking element '//button[@type='submit']'.</msg>
<status status="PASS" starttime="20220923 01:38:41.335" endtime="20220923 01:38:43.637"/>
</kw>
<status status="PASS" starttime="20220923 01:38:33.023" endtime="20220923 01:38:43.637"/>
</test>
<test id="s1-t2" name="Switch to Demo" line="27">
<kw name="Wait Until Page Contains Element" library="SeleniumLibrary">
<arg>//p[@class="acc-info__balance"]</arg>
<arg>120</arg>
<doc>Waits until the element ``locator`` appears on the current page.</doc>
<status status="PASS" starttime="20220923 01:38:43.638" endtime="20220923 01:38:45.299"/>
</kw>
<kw name="Wait Until Element Is Visible" library="SeleniumLibrary">
<arg>//p[@class="acc-info__balance"]</arg>
<arg>60</arg>
<doc>Waits until the element ``locator`` is visible.</doc>
<status status="PASS" starttime="20220923 01:38:45.299" endtime="20220923 01:38:47.623"/>
</kw>
<kw name="Click Element" library="SeleniumLibrary">
<arg>dt_core_account-info_acc-info</arg>
<doc>Click the element identified by ``locator``.</doc>
<msg timestamp="20220923 01:38:47.624" level="INFO">Clicking element 'dt_core_account-info_acc-info'.</msg>
<status status="PASS" starttime="20220923 01:38:47.624" endtime="20220923 01:38:47.739"/>
</kw>
<kw name="Wait Until Page Contains Element" library="SeleniumLibrary">
<arg>dt_core_account-switcher_demo-tab</arg>
<arg>30</arg>
<doc>Waits until the element ``locator`` appears on the current page.</doc>
<status status="PASS" starttime="20220923 01:38:47.739" endtime="20220923 01:38:47.752"/>
</kw>
<kw name="Click Element" library="SeleniumLibrary">
<arg>dt_core_account-switcher_demo-tab</arg>
<doc>Click the element identified by ``locator``.</doc>
<msg timestamp="20220923 01:38:47.752" level="INFO">Clicking element 'dt_core_account-switcher_demo-tab'.</msg>
<status status="PASS" starttime="20220923 01:38:47.752" endtime="20220923 01:38:48.053"/>
</kw>
<kw name="Wait Until Page Contains Element" library="SeleniumLibrary">
<arg>dt_VRTC6751207</arg>
<arg>20</arg>
<doc>Waits until the element ``locator`` appears on the current page.</doc>
<status status="PASS" starttime="20220923 01:38:48.053" endtime="20220923 01:38:48.066"/>
</kw>
<kw name="Click Element" library="SeleniumLibrary">
<arg>dt_VRTC6751207</arg>
<doc>Click the element identified by ``locator``.</doc>
<msg timestamp="20220923 01:38:48.067" level="INFO">Clicking element 'dt_VRTC6751207'.</msg>
<status status="PASS" starttime="20220923 01:38:48.066" endtime="20220923 01:38:48.230"/>
</kw>
<kw name="Maximize Browser Window" library="SeleniumLibrary">
<doc>Maximizes current browser window.</doc>
<status status="PASS" starttime="20220923 01:38:48.230" endtime="20220923 01:38:48.368"/>
</kw>
<kw name="Reload Page" library="SeleniumLibrary">
<doc>Simulates user reloading page.</doc>
<status status="PASS" starttime="20220923 01:38:48.369" endtime="20220923 01:38:49.746"/>
</kw>
<status status="PASS" starttime="20220923 01:38:43.638" endtime="20220923 01:38:49.747"/>
</test>
<test id="s1-t3" name="Change Underlying" line="38">
<kw name="Wait cq-symbol">
<kw name="Wait Until Page Contains Element" library="SeleniumLibrary">
<arg>//div[@class='btn-purchase__text_wrapper' and contains(.,'Rise')]</arg>
<arg>120</arg>
<doc>Waits until the element ``locator`` appears on the current page.</doc>
<status status="PASS" starttime="20220923 01:38:49.749" endtime="20220923 01:38:53.914"/>
</kw>
<kw name="Wait Until Element Is Visible" library="SeleniumLibrary">
<arg>//div[@class='cq-symbol']</arg>
<arg>120</arg>
<doc>Waits until the element ``locator`` is visible.</doc>
<status status="PASS" starttime="20220923 01:38:53.914" endtime="20220923 01:38:55.365"/>
</kw>
<status status="PASS" starttime="20220923 01:38:49.749" endtime="20220923 01:38:55.365"/>
</kw>
<kw name="Click Element" library="SeleniumLibrary">
<arg>//div[@class='cq-menu-btn']</arg>
<doc>Click the element identified by ``locator``.</doc>
<msg timestamp="20220923 01:38:55.366" level="INFO">Clicking element '//div[@class='cq-menu-btn']'.</msg>
<status status="PASS" starttime="20220923 01:38:55.366" endtime="20220923 01:38:55.513"/>
</kw>
<kw name="Wait Until Element Is Visible" library="SeleniumLibrary">
<arg>//div[@class='sc-mcd__item sc-mcd__item--R_50 ']</arg>
<doc>Waits until the element ``locator`` is visible.</doc>
<status status="PASS" starttime="20220923 01:38:55.514" endtime="20220923 01:38:55.873"/>
</kw>
<kw name="Click Element" library="SeleniumLibrary">
<arg>//div[@class='sc-mcd__item sc-mcd__item--R_50 ']</arg>
<doc>Click the element identified by ``locator``.</doc>
<msg timestamp="20220923 01:38:55.874" level="INFO">Clicking element '//div[@class='sc-mcd__item sc-mcd__item--R_50 ']'.</msg>
<status status="PASS" starttime="20220923 01:38:55.873" endtime="20220923 01:38:55.998"/>
</kw>
<kw name="Wait cq-symbol">
<kw name="Wait Until Page Contains Element" library="SeleniumLibrary">
<arg>//div[@class='btn-purchase__text_wrapper' and contains(.,'Rise')]</arg>
<arg>120</arg>
<doc>Waits until the element ``locator`` appears on the current page.</doc>
<status status="PASS" starttime="20220923 01:38:55.999" endtime="20220923 01:38:56.891"/>
</kw>
<kw name="Wait Until Element Is Visible" library="SeleniumLibrary">
<arg>//div[@class='cq-symbol']</arg>
<arg>120</arg>
<doc>Waits until the element ``locator`` is visible.</doc>
<status status="PASS" starttime="20220923 01:38:56.891" endtime="20220923 01:38:57.532"/>
</kw>
<status status="PASS" starttime="20220923 01:38:55.999" endtime="20220923 01:38:57.532"/>
</kw>
<kw name="Element Should Contain" library="SeleniumLibrary">
<arg>//div[@class='cq-symbol']</arg>
<arg>Volatility 50 Index</arg>
<doc>Verifies that element ``locator`` contains text ``expected``.</doc>
<msg timestamp="20220923 01:38:57.558" level="INFO">Element '//div[@class='cq-symbol']' contains text 'Volatility 50 Index'.</msg>
<status status="PASS" starttime="20220923 01:38:57.532" endtime="20220923 01:38:57.559"/>
</kw>
<kw name="Click Element" library="SeleniumLibrary">
<arg>dt_contract_dropdown</arg>
<doc>Click the element identified by ``locator``.</doc>
<msg timestamp="20220923 01:38:57.559" level="INFO">Clicking element 'dt_contract_dropdown'.</msg>
<status status="PASS" starttime="20220923 01:38:57.559" endtime="20220923 01:38:57.611"/>
</kw>
<kw name="Wait Until Element Is Visible" library="SeleniumLibrary">
<arg>dt_contract_multiplier_item</arg>
<arg>40</arg>
<doc>Waits until the element ``locator`` is visible.</doc>
<status status="PASS" starttime="20220923 01:38:57.611" endtime="20220923 01:38:57.874"/>
</kw>
<kw name="Click Element" library="SeleniumLibrary">
<arg>dt_contract_multiplier_item</arg>
<doc>Click the element identified by ``locator``.</doc>
<msg timestamp="20220923 01:38:57.875" level="INFO">Clicking element 'dt_contract_multiplier_item'.</msg>
<status status="PASS" starttime="20220923 01:38:57.874" endtime="20220923 01:38:58.142"/>
</kw>
<kw name="Wait Until Element Is Visible" library="SeleniumLibrary">
<arg>//div[@class="purchase-container"]</arg>
<arg>300</arg>
<doc>Waits until the element ``locator`` is visible.</doc>
<status status="PASS" starttime="20220923 01:38:58.144" endtime="20220923 01:38:58.179"/>
</kw>
<status status="PASS" starttime="20220923 01:38:49.748" endtime="20220923 01:38:58.179"/>
</test>
<test id="s1-t4" name="Verify page elements" line="50">
<kw name="Element Attribute Value Should Be" library="SeleniumLibrary">
<arg>//span[@name='contract_type']</arg>
<arg>value</arg>
<arg>multiplier</arg>
<doc>Verifies element identified by ``locator`` contains expected attribute value.</doc>
<msg timestamp="20220923 01:38:58.201" level="INFO">Element '//span[@name='contract_type']' attribute 'value' contains value 'multiplier'.</msg>
<status status="PASS" starttime="20220923 01:38:58.180" endtime="20220923 01:38:58.201"/>
</kw>
<kw name="Page Should Contain" library="SeleniumLibrary">
<arg>Stake</arg>
<doc>Verifies that current page contains ``text``.</doc>
<msg timestamp="20220923 01:38:58.213" level="INFO">Current page contains text 'Stake'.</msg>
<status status="PASS" starttime="20220923 01:38:58.201" endtime="20220923 01:38:58.213"/>
</kw>
<kw name="Page Should Not Contain" library="SeleniumLibrary">
<arg>Payout</arg>
<doc>Verifies the current page does not contain ``text``.</doc>
<msg timestamp="20220923 01:38:58.352" level="INFO">Current page does not contain text 'Payout'.</msg>
<status status="PASS" starttime="20220923 01:38:58.214" endtime="20220923 01:38:58.352"/>
</kw>
<kw name="Page Should Contain Element" library="SeleniumLibrary">
<arg>//label[@class='dc-checkbox take_profit-checkbox__input']</arg>
<doc>Verifies that element ``locator`` is found on the current page.</doc>
<msg timestamp="20220923 01:38:58.360" level="INFO">Current page contains element '//label[@class='dc-checkbox take_profit-checkbox__input']'.</msg>
<status status="PASS" starttime="20220923 01:38:58.352" endtime="20220923 01:38:58.360"/>
</kw>
<kw name="Page Should Contain Element" library="SeleniumLibrary">
<arg>//label[@class='dc-checkbox stop_loss-checkbox__input']</arg>
<doc>Verifies that element ``locator`` is found on the current page.</doc>
<msg timestamp="20220923 01:38:58.370" level="INFO">Current page contains element '//label[@class='dc-checkbox stop_loss-checkbox__input']'.</msg>
<status status="PASS" starttime="20220923 01:38:58.360" endtime="20220923 01:38:58.370"/>
</kw>
<kw name="Page Should Contain Element" library="SeleniumLibrary">
<arg>//label[@class='dc-checkbox']</arg>
<doc>Verifies that element ``locator`` is found on the current page.</doc>
<msg timestamp="20220923 01:38:58.378" level="INFO">Current page contains element '//label[@class='dc-checkbox']'.</msg>
<status status="PASS" starttime="20220923 01:38:58.370" endtime="20220923 01:38:58.378"/>
</kw>
<kw name="Click Element" library="SeleniumLibrary">
<arg>dropdown-display</arg>
<doc>Click the element identified by ``locator``.</doc>
<msg timestamp="20220923 01:38:58.378" level="INFO">Clicking element 'dropdown-display'.</msg>
<status status="PASS" starttime="20220923 01:38:58.378" endtime="20220923 01:38:58.420"/>
</kw>
<kw name="Wait Until Page Contains Element" library="SeleniumLibrary">
<arg>200</arg>
<doc>Waits until the element ``locator`` appears on the current page.</doc>
<status status="PASS" starttime="20220923 01:38:58.420" endtime="20220923 01:38:58.430"/>
</kw>
<for flavor="IN">
<var>${item}</var>
<value>@{MULTIPLIERS}</value>
<iter>
<var name="${item}">200</var>
<kw name="Page Should Contain Element" library="SeleniumLibrary">
<arg>${item}</arg>
<doc>Verifies that element ``locator`` is found on the current page.</doc>
<msg timestamp="20220923 01:38:58.438" level="INFO">Current page contains element '200'.</msg>
<status status="PASS" starttime="20220923 01:38:58.431" endtime="20220923 01:38:58.438"/>
</kw>
<status status="PASS" starttime="20220923 01:38:58.431" endtime="20220923 01:38:58.438"/>
</iter>
<iter>
<var name="${item}">100</var>
<kw name="Page Should Contain Element" library="SeleniumLibrary">
<arg>${item}</arg>
<doc>Verifies that element ``locator`` is found on the current page.</doc>
<msg timestamp="20220923 01:38:58.451" level="INFO">Current page contains element '100'.</msg>
<status status="PASS" starttime="20220923 01:38:58.438" endtime="20220923 01:38:58.451"/>
</kw>
<status status="PASS" starttime="20220923 01:38:58.438" endtime="20220923 01:38:58.451"/>
</iter>
<iter>
<var name="${item}">60</var>
<kw name="Page Should Contain Element" library="SeleniumLibrary">
<arg>${item}</arg>
<doc>Verifies that element ``locator`` is found on the current page.</doc>
<msg timestamp="20220923 01:38:58.459" level="INFO">Current page contains element '60'.</msg>
<status status="PASS" starttime="20220923 01:38:58.451" endtime="20220923 01:38:58.459"/>
</kw>
<status status="PASS" starttime="20220923 01:38:58.451" endtime="20220923 01:38:58.459"/>
</iter>
<iter>
<var name="${item}">40</var>
<kw name="Page Should Contain Element" library="SeleniumLibrary">
<arg>${item}</arg>
<doc>Verifies that element ``locator`` is found on the current page.</doc>
<msg timestamp="20220923 01:38:58.467" level="INFO">Current page contains element '40'.</msg>
<status status="PASS" starttime="20220923 01:38:58.459" endtime="20220923 01:38:58.467"/>
</kw>
<status status="PASS" starttime="20220923 01:38:58.459" endtime="20220923 01:38:58.467"/>
</iter>
<iter>
<var name="${item}">20</var>
<kw name="Page Should Contain Element" library="SeleniumLibrary">
<arg>${item}</arg>
<doc>Verifies that element ``locator`` is found on the current page.</doc>
<msg timestamp="20220923 01:38:58.475" level="INFO">Current page contains element '20'.</msg>
<status status="PASS" starttime="20220923 01:38:58.467" endtime="20220923 01:38:58.475"/>
</kw>
<status status="PASS" starttime="20220923 01:38:58.467" endtime="20220923 01:38:58.475"/>
</iter>
<status status="PASS" starttime="20220923 01:38:58.430" endtime="20220923 01:38:58.475"/>
</for>
<status status="PASS" starttime="20220923 01:38:58.180" endtime="20220923 01:38:58.476"/>
</test>
<status status="PASS" starttime="20220923 01:38:32.945" endtime="20220923 01:38:58.476"/>
</suite>
<statistics>
<total>
<stat pass="4" fail="0" skip="0">All Tests</stat>
</total>
<tag>
</tag>
<suite>
<stat pass="4" fail="0" skip="0" id="s1" name="Task 5">Task 5</stat>
</suite>
</statistics>
<errors>
</errors>
</robot>
